2025-03-11 13:17:21.132 [info] Extension host with pid 629 started
2025-03-11 13:17:21.132 [info] Skipping acquiring lock for /home/gz_ws/src/gz_entity_manager_cpp/~/.vscode-root/User/workspaceStorage/9dd8caece9c4eeb708847f05e9a0f086.
2025-03-11 13:17:21.196 [info] ExtensionService#_doActivateExtension vscode.github-authentication, startup: false, activationEvent: 'onAuthenticationRequest:github'
2025-03-11 13:17:21.252 [info] ExtensionService#_doActivateExtension vscode.git-base, startup: true, activationEvent: '*'
2025-03-11 13:17:21.292 [info] ExtensionService#_doActivateExtension vscode.github, startup: true, activationEvent: '*'
2025-03-11 13:17:21.318 [info] Eager extensions activated
2025-03-11 13:17:21.320 [info] ExtensionService#_doActivateExtension vscode.debug-auto-launch, startup: false, activationEvent: 'onStartupFinished'
2025-03-11 13:17:21.322 [info] ExtensionService#_doActivateExtension vscode.merge-conflict, startup: false, activationEvent: 'onStartupFinished'
2025-03-11 13:17:23.853 [info] ExtensionService#_doActivateExtension vscode.git, startup: false, activationEvent: 'api', root cause: vscode.github
2025-03-11 13:17:23.925 [info] ExtensionService#_doActivateExtension ms-vscode.cmake-tools, startup: false, activationEvent: 'workspaceContains:CMakeLists.txt'
2025-03-11 13:17:54.543 [info] ExtensionService#_doActivateExtension vscode.emmet, startup: false, activationEvent: 'onLanguage'
2025-03-11 13:17:54.971 [error] [ms-vscode.cmake-tools] provider FAILED
2025-03-11 13:17:54.977 [error] TypeError: Cannot read properties of undefined (reading 'description')
	at LanguageServiceData.provideHover (/root/.vscode/extensions/ms-vscode.cmake-tools-1.20.53/dist/main.js:103016:50)
	at YI.provideHover (file:///usr/share/code/resources/app/out/vs/workbench/api/node/extensionHostProcess.js:135:128870)
	at file:///usr/share/code/resources/app/out/vs/workbench/api/node/extensionHostProcess.js:135:157447
	at qt.s (file:///usr/share/code/resources/app/out/vs/workbench/api/node/extensionHostProcess.js:135:154915)
	at qt.$provideHover (file:///usr/share/code/resources/app/out/vs/workbench/api/node/extensionHostProcess.js:135:157435)
	at qy.S (file:///usr/share/code/resources/app/out/vs/workbench/api/node/extensionHostProcess.js:29:116244)
	at qy.Q (file:///usr/share/code/resources/app/out/vs/workbench/api/node/extensionHostProcess.js:29:116024)
	at qy.M (file:///usr/share/code/resources/app/out/vs/workbench/api/node/extensionHostProcess.js:29:115075)
	at qy.L (file:///usr/share/code/resources/app/out/vs/workbench/api/node/extensionHostProcess.js:29:114218)
	at Th.value (file:///usr/share/code/resources/app/out/vs/workbench/api/node/extensionHostProcess.js:29:113015)
	at P.B (file:///usr/share/code/resources/app/out/vs/workbench/api/node/extensionHostProcess.js:27:2375)
	at P.fire (file:///usr/share/code/resources/app/out/vs/workbench/api/node/extensionHostProcess.js:27:2593)
	at Gn.fire (file:///usr/share/code/resources/app/out/vs/workbench/api/node/extensionHostProcess.js:29:9459)
	at Th.value (file:///usr/share/code/resources/app/out/vs/workbench/api/node/extensionHostProcess.js:190:13324)
	at P.B (file:///usr/share/code/resources/app/out/vs/workbench/api/node/extensionHostProcess.js:27:2375)
	at P.fire (file:///usr/share/code/resources/app/out/vs/workbench/api/node/extensionHostProcess.js:27:2593)
	at Gn.fire (file:///usr/share/code/resources/app/out/vs/workbench/api/node/extensionHostProcess.js:29:9459)
	at MessagePortMain.<anonymous> (file:///usr/share/code/resources/app/out/vs/workbench/api/node/extensionHostProcess.js:190:11616)
	at MessagePortMain.emit (node:events:518:28)
	at MessagePortMain._internalPort.emit (node:electron/js2c/utility_init:2:2949)
2025-03-11 13:17:55.987 [error] [ms-vscode.cmake-tools] provider FAILED
2025-03-11 13:17:55.987 [error] TypeError: Cannot read properties of undefined (reading 'description')
	at LanguageServiceData.provideHover (/root/.vscode/extensions/ms-vscode.cmake-tools-1.20.53/dist/main.js:103016:50)
	at YI.provideHover (file:///usr/share/code/resources/app/out/vs/workbench/api/node/extensionHostProcess.js:135:128870)
	at file:///usr/share/code/resources/app/out/vs/workbench/api/node/extensionHostProcess.js:135:157447
	at qt.s (file:///usr/share/code/resources/app/out/vs/workbench/api/node/extensionHostProcess.js:135:154915)
	at qt.$provideHover (file:///usr/share/code/resources/app/out/vs/workbench/api/node/extensionHostProcess.js:135:157435)
	at qy.S (file:///usr/share/code/resources/app/out/vs/workbench/api/node/extensionHostProcess.js:29:116244)
	at qy.Q (file:///usr/share/code/resources/app/out/vs/workbench/api/node/extensionHostProcess.js:29:116024)
	at qy.M (file:///usr/share/code/resources/app/out/vs/workbench/api/node/extensionHostProcess.js:29:115075)
	at qy.L (file:///usr/share/code/resources/app/out/vs/workbench/api/node/extensionHostProcess.js:29:114218)
	at Th.value (file:///usr/share/code/resources/app/out/vs/workbench/api/node/extensionHostProcess.js:29:113015)
	at P.B (file:///usr/share/code/resources/app/out/vs/workbench/api/node/extensionHostProcess.js:27:2375)
	at P.fire (file:///usr/share/code/resources/app/out/vs/workbench/api/node/extensionHostProcess.js:27:2593)
	at Gn.fire (file:///usr/share/code/resources/app/out/vs/workbench/api/node/extensionHostProcess.js:29:9459)
	at Th.value (file:///usr/share/code/resources/app/out/vs/workbench/api/node/extensionHostProcess.js:190:13324)
	at P.B (file:///usr/share/code/resources/app/out/vs/workbench/api/node/extensionHostProcess.js:27:2375)
	at P.fire (file:///usr/share/code/resources/app/out/vs/workbench/api/node/extensionHostProcess.js:27:2593)
	at Gn.fire (file:///usr/share/code/resources/app/out/vs/workbench/api/node/extensionHostProcess.js:29:9459)
	at MessagePortMain.<anonymous> (file:///usr/share/code/resources/app/out/vs/workbench/api/node/extensionHostProcess.js:190:11616)
	at MessagePortMain.emit (node:events:518:28)
	at MessagePortMain._internalPort.emit (node:electron/js2c/utility_init:2:2949)
2025-03-11 13:18:28.499 [info] ExtensionService#_doActivateExtension ms-vscode.cpptools, startup: false, activationEvent: 'onLanguage:cpp'
2025-03-11 16:14:25.643 [error] [ms-vscode.cmake-tools] provider FAILED
2025-03-11 16:14:25.645 [error] TypeError: Cannot read properties of undefined (reading 'description')
	at LanguageServiceData.provideHover (/root/.vscode/extensions/ms-vscode.cmake-tools-1.20.53/dist/main.js:103016:50)
	at YI.provideHover (file:///usr/share/code/resources/app/out/vs/workbench/api/node/extensionHostProcess.js:135:128870)
	at file:///usr/share/code/resources/app/out/vs/workbench/api/node/extensionHostProcess.js:135:157447
	at qt.s (file:///usr/share/code/resources/app/out/vs/workbench/api/node/extensionHostProcess.js:135:154915)
	at qt.$provideHover (file:///usr/share/code/resources/app/out/vs/workbench/api/node/extensionHostProcess.js:135:157435)
	at qy.S (file:///usr/share/code/resources/app/out/vs/workbench/api/node/extensionHostProcess.js:29:116244)
	at qy.Q (file:///usr/share/code/resources/app/out/vs/workbench/api/node/extensionHostProcess.js:29:116024)
	at qy.M (file:///usr/share/code/resources/app/out/vs/workbench/api/node/extensionHostProcess.js:29:115075)
	at qy.L (file:///usr/share/code/resources/app/out/vs/workbench/api/node/extensionHostProcess.js:29:114218)
	at Th.value (file:///usr/share/code/resources/app/out/vs/workbench/api/node/extensionHostProcess.js:29:113015)
	at P.B (file:///usr/share/code/resources/app/out/vs/workbench/api/node/extensionHostProcess.js:27:2375)
	at P.fire (file:///usr/share/code/resources/app/out/vs/workbench/api/node/extensionHostProcess.js:27:2593)
	at Gn.fire (file:///usr/share/code/resources/app/out/vs/workbench/api/node/extensionHostProcess.js:29:9459)
	at Th.value (file:///usr/share/code/resources/app/out/vs/workbench/api/node/extensionHostProcess.js:190:13324)
	at P.B (file:///usr/share/code/resources/app/out/vs/workbench/api/node/extensionHostProcess.js:27:2375)
	at P.fire (file:///usr/share/code/resources/app/out/vs/workbench/api/node/extensionHostProcess.js:27:2593)
	at Gn.fire (file:///usr/share/code/resources/app/out/vs/workbench/api/node/extensionHostProcess.js:29:9459)
	at MessagePortMain.<anonymous> (file:///usr/share/code/resources/app/out/vs/workbench/api/node/extensionHostProcess.js:190:11616)
	at MessagePortMain.emit (node:events:518:28)
	at MessagePortMain._internalPort.emit (node:electron/js2c/utility_init:2:2949)
