2025-03-11 13:17:20.768 [info] Started local extension host with pid 629.
2025-03-11 13:17:21.092 [info] Settings Sync: Account status changed from uninitialized to unavailable
2025-03-11 13:17:23.661 [info] [perf] Render performance baseline is 11ms
2025-03-11 13:17:54.979 [error] Cannot read properties of undefined (reading 'description'): TypeError: Cannot read properties of undefined (reading 'description')
	at LanguageServiceData.provideHover (/root/.vscode/extensions/ms-vscode.cmake-tools-1.20.53/dist/main.js:103016:50)
	at YI.provideHover (file:///usr/share/code/resources/app/out/vs/workbench/api/node/extensionHostProcess.js:135:128870)
	at file:///usr/share/code/resources/app/out/vs/workbench/api/node/extensionHostProcess.js:135:157447
	at qt.s (file:///usr/share/code/resources/app/out/vs/workbench/api/node/extensionHostProcess.js:135:154915)
	at qt.$provideHover (file:///usr/share/code/resources/app/out/vs/workbench/api/node/extensionHostProcess.js:135:157435)
	at qy.S (file:///usr/share/code/resources/app/out/vs/workbench/api/node/extensionHostProcess.js:29:116244)
	at qy.Q (file:///usr/share/code/resources/app/out/vs/workbench/api/node/extensionHostProcess.js:29:116024)
	at qy.M (file:///usr/share/code/resources/app/out/vs/workbench/api/node/extensionHostProcess.js:29:115075)
	at qy.L (file:///usr/share/code/resources/app/out/vs/workbench/api/node/extensionHostProcess.js:29:114218)
	at Th.value (file:///usr/share/code/resources/app/out/vs/workbench/api/node/extensionHostProcess.js:29:113015)
	at P.B (file:///usr/share/code/resources/app/out/vs/workbench/api/node/extensionHostProcess.js:27:2375)
	at P.fire (file:///usr/share/code/resources/app/out/vs/workbench/api/node/extensionHostProcess.js:27:2593)
	at Gn.fire (file:///usr/share/code/resources/app/out/vs/workbench/api/node/extensionHostProcess.js:29:9459)
	at Th.value (file:///usr/share/code/resources/app/out/vs/workbench/api/node/extensionHostProcess.js:190:13324)
	at P.B (file:///usr/share/code/resources/app/out/vs/workbench/api/node/extensionHostProcess.js:27:2375)
	at P.fire (file:///usr/share/code/resources/app/out/vs/workbench/api/node/extensionHostProcess.js:27:2593)
	at Gn.fire (file:///usr/share/code/resources/app/out/vs/workbench/api/node/extensionHostProcess.js:29:9459)
	at MessagePortMain.<anonymous> (file:///usr/share/code/resources/app/out/vs/workbench/api/node/extensionHostProcess.js:190:11616)
	at MessagePortMain.emit (node:events:518:28)
	at MessagePortMain._internalPort.emit (node:electron/js2c/utility_init:2:2949)
2025-03-11 13:17:55.988 [error] Cannot read properties of undefined (reading 'description'): TypeError: Cannot read properties of undefined (reading 'description')
	at LanguageServiceData.provideHover (/root/.vscode/extensions/ms-vscode.cmake-tools-1.20.53/dist/main.js:103016:50)
	at YI.provideHover (file:///usr/share/code/resources/app/out/vs/workbench/api/node/extensionHostProcess.js:135:128870)
	at file:///usr/share/code/resources/app/out/vs/workbench/api/node/extensionHostProcess.js:135:157447
	at qt.s (file:///usr/share/code/resources/app/out/vs/workbench/api/node/extensionHostProcess.js:135:154915)
	at qt.$provideHover (file:///usr/share/code/resources/app/out/vs/workbench/api/node/extensionHostProcess.js:135:157435)
	at qy.S (file:///usr/share/code/resources/app/out/vs/workbench/api/node/extensionHostProcess.js:29:116244)
	at qy.Q (file:///usr/share/code/resources/app/out/vs/workbench/api/node/extensionHostProcess.js:29:116024)
	at qy.M (file:///usr/share/code/resources/app/out/vs/workbench/api/node/extensionHostProcess.js:29:115075)
	at qy.L (file:///usr/share/code/resources/app/out/vs/workbench/api/node/extensionHostProcess.js:29:114218)
	at Th.value (file:///usr/share/code/resources/app/out/vs/workbench/api/node/extensionHostProcess.js:29:113015)
	at P.B (file:///usr/share/code/resources/app/out/vs/workbench/api/node/extensionHostProcess.js:27:2375)
	at P.fire (file:///usr/share/code/resources/app/out/vs/workbench/api/node/extensionHostProcess.js:27:2593)
	at Gn.fire (file:///usr/share/code/resources/app/out/vs/workbench/api/node/extensionHostProcess.js:29:9459)
	at Th.value (file:///usr/share/code/resources/app/out/vs/workbench/api/node/extensionHostProcess.js:190:13324)
	at P.B (file:///usr/share/code/resources/app/out/vs/workbench/api/node/extensionHostProcess.js:27:2375)
	at P.fire (file:///usr/share/code/resources/app/out/vs/workbench/api/node/extensionHostProcess.js:27:2593)
	at Gn.fire (file:///usr/share/code/resources/app/out/vs/workbench/api/node/extensionHostProcess.js:29:9459)
	at MessagePortMain.<anonymous> (file:///usr/share/code/resources/app/out/vs/workbench/api/node/extensionHostProcess.js:190:11616)
	at MessagePortMain.emit (node:events:518:28)
	at MessagePortMain._internalPort.emit (node:electron/js2c/utility_init:2:2949)
2025-03-11 13:25:41.710 [error] No default agent contributed: CodeExpectedError: No default agent contributed
    at FXe.U (vscode-file://vscode-app/usr/share/code/resources/app/out/vs/workbench/workbench.desktop.main.js:1960:25292)
2025-03-11 14:58:12.243 [warning] Failed to fetch chat participant registry Failed to fetch
2025-03-11 16:14:25.647 [error] Cannot read properties of undefined (reading 'description'): TypeError: Cannot read properties of undefined (reading 'description')
	at LanguageServiceData.provideHover (/root/.vscode/extensions/ms-vscode.cmake-tools-1.20.53/dist/main.js:103016:50)
	at YI.provideHover (file:///usr/share/code/resources/app/out/vs/workbench/api/node/extensionHostProcess.js:135:128870)
	at file:///usr/share/code/resources/app/out/vs/workbench/api/node/extensionHostProcess.js:135:157447
	at qt.s (file:///usr/share/code/resources/app/out/vs/workbench/api/node/extensionHostProcess.js:135:154915)
	at qt.$provideHover (file:///usr/share/code/resources/app/out/vs/workbench/api/node/extensionHostProcess.js:135:157435)
	at qy.S (file:///usr/share/code/resources/app/out/vs/workbench/api/node/extensionHostProcess.js:29:116244)
	at qy.Q (file:///usr/share/code/resources/app/out/vs/workbench/api/node/extensionHostProcess.js:29:116024)
	at qy.M (file:///usr/share/code/resources/app/out/vs/workbench/api/node/extensionHostProcess.js:29:115075)
	at qy.L (file:///usr/share/code/resources/app/out/vs/workbench/api/node/extensionHostProcess.js:29:114218)
	at Th.value (file:///usr/share/code/resources/app/out/vs/workbench/api/node/extensionHostProcess.js:29:113015)
	at P.B (file:///usr/share/code/resources/app/out/vs/workbench/api/node/extensionHostProcess.js:27:2375)
	at P.fire (file:///usr/share/code/resources/app/out/vs/workbench/api/node/extensionHostProcess.js:27:2593)
	at Gn.fire (file:///usr/share/code/resources/app/out/vs/workbench/api/node/extensionHostProcess.js:29:9459)
	at Th.value (file:///usr/share/code/resources/app/out/vs/workbench/api/node/extensionHostProcess.js:190:13324)
	at P.B (file:///usr/share/code/resources/app/out/vs/workbench/api/node/extensionHostProcess.js:27:2375)
	at P.fire (file:///usr/share/code/resources/app/out/vs/workbench/api/node/extensionHostProcess.js:27:2593)
	at Gn.fire (file:///usr/share/code/resources/app/out/vs/workbench/api/node/extensionHostProcess.js:29:9459)
	at MessagePortMain.<anonymous> (file:///usr/share/code/resources/app/out/vs/workbench/api/node/extensionHostProcess.js:190:11616)
	at MessagePortMain.emit (node:events:518:28)
	at MessagePortMain._internalPort.emit (node:electron/js2c/utility_init:2:2949)
