2025-03-11 13:17:21.233 [info] Reading sessions from keychain...
2025-03-11 13:17:21.233 [info] Getting sessions for all scopes...
2025-03-11 13:17:21.233 [info] Getting sessions for all scopes...
2025-03-11 13:17:21.233 [info] Got 0 sessions for ...
2025-03-11 13:17:21.233 [info] Got 0 sessions for ...
2025-03-11 13:17:21.251 [info] Getting sessions for all scopes...
2025-03-11 13:17:21.251 [info] Got 0 sessions for ...
2025-03-11 13:17:21.251 [info] Getting sessions for all scopes...
2025-03-11 13:17:21.251 [info] Got 0 sessions for ...
2025-03-11 13:17:21.251 [info] Getting sessions for all scopes...
2025-03-11 13:17:21.251 [info] Got 0 sessions for ...
2025-03-11 13:17:21.252 [info] Getting sessions for all scopes...
2025-03-11 13:17:21.252 [info] Got 0 sessions for ...
2025-03-11 13:17:21.252 [info] Getting sessions for all scopes...
2025-03-11 13:17:21.252 [info] Got 0 sessions for ...
2025-03-11 13:17:23.306 [info] Getting sessions for all scopes...
2025-03-11 13:17:23.306 [info] Got 0 sessions for ...
2025-03-11 13:25:48.376 [info] Logging in with 'any' account...
2025-03-11 13:25:48.378 [info] Logging in for the following scopes: user:email
2025-03-11 13:25:48.390 [info] Trying without local server... (user:email)
2025-03-11 13:30:48.390 [error] Timed out
